<?xml version="1.0" encoding="UTF-8"?>
<!-- Generated by org.testng.reporters.JUnitXMLReporter -->
<testsuite ignored="0" hostname="LTIN486086" failures="0" tests="3" name="ChromeTest" time="185.466" errors="0" timestamp="2024-03-28T13:35:15 IST">
  <testcase classname="TestCases.TC001_beCognizant" name="userVerification" time="42.659"/>
  <testcase classname="TestCases.TC001_beCognizant" name="oneCognizantFunctions" time="18.418"/>
  <testcase classname="TestCases.TC001_beCognizant" name="timeSheetNavigation" time="86.775"/>
</testsuite> <!-- ChromeTest -->
